<?xml version="1.0" encoding="UTF-8"?>
<!-- Generated by org.testng.reporters.JUnitReportReporter -->
<testsuite hostname="kali" failures="0" tests="1" name="TestNG_example.aTagTest" time="15.906" errors="0" timestamp="2021-05-18T15:06:11 IST" skipped="0">
  <testcase classname="TestNG_example.aTagTest" name="loginPresent" time="15.906"/>
  <system-out/>
</testsuite> <!-- TestNG_example.aTagTest -->
